\BOOKMARK [0][-]{Doc-Start}{\376\377\000H\000A\000L\000A\000M\000A\000N\000\040\000P\000E\000N\000G\000E\000S\000A\000H\000A\000N}{}% 1
\BOOKMARK [0][-]{Doc-Start}{\376\377\000H\000A\000L\000A\000M\000A\000N\000\040\000P\000E\000R\000N\000Y\000A\000T\000A\000A\000N\000\040\000B\000E\000B\000A\000S\000\040\000P\000L\000A\000G\000I\000A\000S\000I}{}% 2
\BOOKMARK [0][-]{section*.2}{\376\377\000K\000A\000T\000A\000\040\000P\000E\000N\000G\000A\000N\000T\000A\000R}{}% 3
\BOOKMARK [0][-]{section*.3}{\376\377\000D\000A\000F\000T\000A\000R\000\040\000I\000S\000I}{}% 4
\BOOKMARK [0][-]{section*.4}{\376\377\000D\000A\000F\000T\000A\000R\000\040\000G\000A\000M\000B\000A\000R}{}% 5
\BOOKMARK [0][-]{section*.5}{\376\377\000D\000A\000F\000T\000A\000R\000\040\000T\000A\000B\000E\000L}{}% 6
\BOOKMARK [0][-]{section*.6}{\376\377\000D\000A\000F\000T\000A\000R\000\040\000S\000I\000N\000G\000K\000A\000T\000A\000N}{}% 7
\BOOKMARK [0][-]{section*.7}{\376\377\000A\000B\000S\000T\000R\000A\000K}{}% 8
\BOOKMARK [0][-]{section*.8}{\376\377\000A\000B\000S\000T\000R\000A\000C\000T}{}% 9
\BOOKMARK [0][-]{chapter.1}{\376\377\000P\000E\000N\000D\000A\000H\000U\000L\000U\000A\000N}{}% 10
\BOOKMARK [1][-]{section.1.1}{\376\377\000L\000a\000t\000a\000r\000\040\000B\000e\000l\000a\000k\000a\000n\000g}{chapter.1}% 11
\BOOKMARK [1][-]{section.1.2}{\376\377\000R\000u\000m\000u\000s\000a\000n\000\040\000M\000a\000s\000a\000l\000a\000h}{chapter.1}% 12
\BOOKMARK [1][-]{section.1.3}{\376\377\000B\000a\000t\000a\000s\000a\000n\000\040\000M\000a\000s\000a\000l\000a\000h}{chapter.1}% 13
\BOOKMARK [1][-]{section.1.4}{\376\377\000T\000u\000j\000u\000a\000n\000\040\000P\000e\000n\000e\000l\000i\000t\000i\000a\000n}{chapter.1}% 14
\BOOKMARK [1][-]{section.1.5}{\376\377\000M\000a\000n\000f\000a\000a\000t\000\040\000P\000e\000n\000e\000l\000i\000t\000i\000a\000n}{chapter.1}% 15
\BOOKMARK [1][-]{section.1.6}{\376\377\000S\000i\000s\000t\000e\000m\000a\000t\000i\000k\000a\000\040\000P\000e\000n\000u\000l\000i\000s\000a\000n}{chapter.1}% 16
\BOOKMARK [0][-]{chapter.2}{\376\377\000L\000A\000N\000D\000A\000S\000A\000N\000\040\000T\000E\000O\000R\000I}{}% 17
\BOOKMARK [1][-]{section.2.1}{\376\377\000T\000i\000n\000j\000a\000u\000a\000n\000\040\000P\000u\000s\000t\000a\000k\000a}{chapter.2}% 18
\BOOKMARK [1][-]{section.2.2}{\376\377\000D\000a\000s\000a\000r\000\040\000T\000e\000o\000r\000i}{chapter.2}% 19
\BOOKMARK [2][-]{subsection.2.2.1}{\376\377\000S\000u\000b\000\040\000D\000a\000s\000a\000r\000\040\000T\000e\000o\000r\000i\000\040\0002\000.\0001\000.\0001}{section.2.2}% 20
\BOOKMARK [0][-]{chapter.3}{\376\377\000M\000E\000T\000O\000D\000O\000L\000O\000G\000I\000\040\000P\000E\000N\000E\000L\000I\000T\000I\000A\000N}{}% 21
\BOOKMARK [1][-]{section.3.1}{\376\377\000P\000e\000r\000a\000n\000g\000k\000a\000t\000\040\000P\000e\000n\000e\000l\000i\000t\000i\000a\000n}{chapter.3}% 22
\BOOKMARK [1][-]{section.3.2}{\376\377\000T\000a\000h\000a\000p\000a\000n\000\040\000P\000e\000n\000e\000l\000i\000t\000i\000a\000n}{chapter.3}% 23
\BOOKMARK [2][-]{subsection.3.2.1}{\376\377\000S\000t\000u\000d\000i\000\040\000L\000i\000t\000e\000r\000a\000t\000u\000r}{section.3.2}% 24
\BOOKMARK [2][-]{subsection.3.2.2}{\376\377\000P\000e\000r\000a\000n\000c\000a\000n\000g\000a\000n\000\040\000S\000i\000s\000t\000e\000m}{section.3.2}% 25
\BOOKMARK [2][-]{subsection.3.2.3}{\376\377\000P\000e\000n\000g\000u\000j\000i\000a\000n}{section.3.2}% 26
\BOOKMARK [2][-]{subsection.3.2.4}{\376\377\000P\000r\000e\000-\000P\000r\000o\000c\000e\000s\000s\000i\000n\000g\000\040\000D\000a\000t\000a\000\040\000d\000a\000n\000\040\000M\000e\000t\000o\000d\000e\000\040\000.\000.\000.}{section.3.2}% 27
\BOOKMARK [2][-]{subsection.3.2.5}{\376\377\000P\000e\000m\000b\000u\000a\000t\000a\000n\000\040\000L\000a\000p\000o\000r\000a\000n}{section.3.2}% 28
\BOOKMARK [1][-]{section.3.3}{\376\377\000P\000e\000r\000a\000n\000c\000a\000n\000g\000a\000n\000\040\000S\000i\000s\000t\000e\000m\000\040\000d\000a\000n\000\040\000I\000m\000p\000l\000e\000m\000e\000n\000t\000a\000s\000i}{chapter.3}% 29
\BOOKMARK [2][-]{subsection.3.3.1}{\376\377\000B\000l\000o\000k\000\040\000D\000i\000a\000g\000r\000a\000m}{section.3.3}% 30
\BOOKMARK [2][-]{subsection.3.3.2}{\376\377\000P\000e\000r\000a\000n\000c\000a\000n\000g\000a\000n\000\040\000P\000e\000r\000a\000n\000g\000k\000a\000t\000\040\000L\000u\000n\000a\000k\000\040\000S\000o\000f\000t\000w\000a\000r\000e}{section.3.3}% 31
\BOOKMARK [1][-]{section.3.4}{\376\377\000M\000e\000t\000o\000d\000e\000\040\000P\000e\000n\000g\000a\000m\000b\000i\000l\000a\000n\000\040\000D\000a\000t\000a}{chapter.3}% 32
\BOOKMARK [1][-]{section.3.5}{\376\377\000M\000e\000t\000o\000d\000e\000\040\000A\000n\000a\000l\000i\000s\000i\000s\000\040\000D\000a\000t\000a}{chapter.3}% 33
\BOOKMARK [0][-]{section*.9}{\376\377\000D\000A\000F\000T\000A\000R\000\040\000P\000U\000S\000T\000A\000K\000A}{}% 34
